{"uid":"4b4757e66a1912dae1a509f688f20b0f","name":"categories","children":[{"name":"Test defects","children":[{"name":"selenium.common.exceptions.NoSuchElementException: Message: no such element: Unable to locate element: {\"method\":\"xpath\",\"selector\":\"//a[text()='Edit your account information']\"}\n  (Session info: MicrosoftEdge=134.0.3124.93); For documentation on this error, please visit: https://www.selenium.dev/documentation/webdriver/troubleshooting/errors#no-such-element-exception\nStacktrace:\n\tGetHandleVerifier [0x00007FF6E18BA545+20677]\n\tsimdutf::get_active_implementation [0x00007FF6E1816CF0+491296]\n\tMicrosoft::Applications::Events::EventProperty::to_string [0x00007FF6E1B0D75A+1807418]\n\t(No symbol) [0x00007FF6E16572AC]\n\t(No symbol) [0x00007FF6E165758B]\n\t(No symbol) [0x00007FF6E16985A7]\n\t(No symbol) [0x00007FF6E167849F]\n\t(No symbol) [0x00007FF6E164D6ED]\n\t(No symbol) [0x00007FF6E1695D61]\n\t(No symbol) [0x00007FF6E16781C3]\n\t(No symbol) [0x00007FF6E164CC36]\n\t(No symbol) [0x00007FF6E164C0C4]\n\t(No symbol) [0x00007FF6E164CA63]\n\t(No symbol) [0x00007FF6E1735BDD]\n\t(No symbol) [0x00007FF6E1742042]\n\t(No symbol) [0x00007FF6E173AA03]\n\tMicrosoft::Applications::Events::EventProperty::to_string [0x00007FF6E19942AA+262026]\n\tsimdutf::get_active_implementation [0x00007FF6E1824421+546385]\n\tsimdutf::get_active_implementation [0x00007FF6E181D6D4+518404]\n\tsimdutf::get_active_implementation [0x00007FF6E181D819+518729]\n\tsimdutf::get_active_implementation [0x00007FF6E180F3C6+460278]\n\tBaseThreadInitThunk [0x00007FF83F4B259D+29]\n\tRtlUserThreadStart [0x00007FF840E4AF38+40]","children":[{"name":"test_login_with_valid_credentials[amotooriapril2023@gmail.com-12345]","uid":"8a20697d3f89aa8c","parentUid":"f721841f8a226c3b0c35e119359a3dd0","status":"broken","time":{"start":1743574723928,"stop":1743574725532,"duration":1604},"flaky":false,"newFailed":false,"newPassed":false,"newBroken":false,"retriesCount":0,"retriesStatusChange":false,"parameters":["'amotooriapril2023@gmail.com'","12345"],"tags":["@pytest.mark.usefixtures('setup_and_teardown', 'log_on_failure')"]}],"uid":"f721841f8a226c3b0c35e119359a3dd0"}],"uid":"bdbf199525818fae7a8651db9eafe741"},{"name":"Product defects","children":[{"name":"AssertionError: assert False\n +  where False = <method-wrapper '__eq__' of str object at 0x00000249350E34B0>('There is no product that matches the search criteria ABC.')\n +    where <method-wrapper '__eq__' of str object at 0x00000249350E34B0> = 'There is no product that matches the search criteria.'.__eq__\n +      where 'There is no product that matches the search criteria.' = retrieve_no_product_message()\n +        where retrieve_no_product_message = <pages.SearchPage.SearchPage object at 0x0000024934C1FC50>.retrieve_no_product_message","children":[{"name":"test_search_for_an_invalid_product","uid":"317279320c75fe36","parentUid":"c443b4bd15668f6bb8241750dd43abd5","status":"failed","time":{"start":1743574900211,"stop":1743574901300,"duration":1089},"flaky":false,"newFailed":false,"newPassed":false,"newBroken":false,"retriesCount":0,"retriesStatusChange":false,"parameters":[],"tags":["@pytest.mark.usefixtures('setup_and_teardown', 'log_on_failure')"]}],"uid":"c443b4bd15668f6bb8241750dd43abd5"}],"uid":"8fb3a91ba5aaf9de24cc8a92edc82b5d"}]}